INFO:__main__:Started
INFO:__main__:hor gaze angle is -1 and ver angle is -1
INFO:__main__:hor gaze angle is -1 and ver angle is -1
INFO:__main__:hor gaze angle is 0 and ver angle is -1
INFO:__main__:hor gaze angle is 0 and ver angle is -1
INFO:__main__:hor gaze angle is -1 and ver angle is -1
INFO:__main__:hor gaze angle is -1 and ver angle is -1
INFO:__main__:hor gaze angle is -1 and ver angle is -1
INFO:__main__:hor gaze angle is -1 and ver angle is -2
INFO:__main__:hor gaze angle is -1 and ver angle is -2
INFO:__main__:hor gaze angle is -1 and ver angle is -1
INFO:__main__:hor gaze angle is -1 and ver angle is -2
INFO:__main__:hor gaze angle is -9 and ver angle is -10
INFO:__main__:hor gaze angle is -11 and ver angle is -12
INFO:__main__:hor gaze angle is -14 and ver angle is -17
INFO:__main__:hor gaze angle is -9 and ver angle is -11
INFO:__main__:hor gaze angle is -8 and ver angle is -10
INFO:__main__:hor gaze angle is -9 and ver angle is -11
INFO:__main__:hor gaze angle is 26 and ver angle is 29
INFO:__main__:hor gaze angle is 29 and ver angle is 32
INFO:__main__:hor gaze angle is 28 and ver angle is 32
INFO:__main__:hor gaze angle is 29 and ver angle is 33
INFO:__main__:hor gaze angle is 29 and ver angle is 33
INFO:__main__:hor gaze angle is 30 and ver angle is 34
INFO:__main__:hor gaze angle is 31 and ver angle is 35
INFO:__main__:hor gaze angle is 31 and ver angle is 35
INFO:__main__:hor gaze angle is 30 and ver angle is 34
INFO:__main__:hor gaze angle is 29 and ver angle is 32
INFO:__main__:hor gaze angle is 29 and ver angle is 32
INFO:__main__:hor gaze angle is 29 and ver angle is 33
INFO:__main__:hor gaze angle is 30 and ver angle is 34
INFO:__main__:hor gaze angle is 31 and ver angle is 35
INFO:__main__:hor gaze angle is 32 and ver angle is 36
INFO:__main__:hor gaze angle is 32 and ver angle is 36
INFO:__main__:hor gaze angle is 32 and ver angle is 36
INFO:__main__:hor gaze angle is -33 and ver angle is -37
INFO:__main__:hor gaze angle is 35 and ver angle is 39
INFO:__main__:hor gaze angle is 35 and ver angle is 40
INFO:__main__:hor gaze angle is 32 and ver angle is 36
INFO:__main__:hor gaze angle is 32 and ver angle is 36
INFO:__main__:hor gaze angle is 32 and ver angle is 36
INFO:__main__:hor gaze angle is 32 and ver angle is 36
INFO:__main__:hor gaze angle is 32 and ver angle is 36
INFO:__main__:hor gaze angle is 32 and ver angle is 36
INFO:__main__:hor gaze angle is 32 and ver angle is 36
INFO:__main__:hor gaze angle is 30 and ver angle is 34
INFO:__main__:hor gaze angle is 32 and ver angle is 36
INFO:__main__:hor gaze angle is 32 and ver angle is 36
INFO:__main__:hor gaze angle is 31 and ver angle is 35
INFO:__main__:hor gaze angle is 6 and ver angle is 8
INFO:__main__:hor gaze angle is -23 and ver angle is -26
INFO:__main__:hor gaze angle is -23 and ver angle is -27
INFO:__main__:hor gaze angle is -25 and ver angle is -28
INFO:__main__:hor gaze angle is -25 and ver angle is -28
INFO:__main__:hor gaze angle is -35 and ver angle is -39
INFO:__main__:hor gaze angle is -26 and ver angle is -30
INFO:__main__:hor gaze angle is -29 and ver angle is -33
INFO:__main__:hor gaze angle is -30 and ver angle is -34
INFO:__main__:hor gaze angle is -28 and ver angle is -32
INFO:__main__:hor gaze angle is -28 and ver angle is -31
INFO:__main__:hor gaze angle is -27 and ver angle is -31
INFO:__main__:hor gaze angle is -29 and ver angle is -32
INFO:__main__:hor gaze angle is -25 and ver angle is -28
INFO:__main__:hor gaze angle is -8 and ver angle is -9
INFO:__main__:hor gaze angle is -9 and ver angle is -10
INFO:__main__:hor gaze angle is -10 and ver angle is -11
INFO:__main__:hor gaze angle is -10 and ver angle is -11
INFO:__main__:hor gaze angle is -10 and ver angle is -11
INFO:__main__:hor gaze angle is -10 and ver angle is -12
INFO:__main__:hor gaze angle is -10 and ver angle is -12
INFO:__main__:hor gaze angle is 72 and ver angle is 75
INFO:__main__:hor gaze angle is -7 and ver angle is -9
INFO:__main__:hor gaze angle is -11 and ver angle is -12
INFO:__main__:hor gaze angle is -11 and ver angle is -13
INFO:__main__:hor gaze angle is -11 and ver angle is -13
INFO:__main__:hor gaze angle is -11 and ver angle is -12
INFO:__main__:hor gaze angle is -10 and ver angle is -11
INFO:__main__:hor gaze angle is -9 and ver angle is -11
INFO:__main__:hor gaze angle is -11 and ver angle is -12
INFO:__main__:hor gaze angle is -11 and ver angle is -12
INFO:__main__:hor gaze angle is -39 and ver angle is -43
INFO:__main__:hor gaze angle is -38 and ver angle is -42
INFO:__main__:hor gaze angle is -38 and ver angle is -43
INFO:__main__:hor gaze angle is -38 and ver angle is -42
INFO:__main__:hor gaze angle is -39 and ver angle is -43
INFO:__main__:hor gaze angle is -39 and ver angle is -43
INFO:__main__:hor gaze angle is -39 and ver angle is -43
INFO:__main__:hor gaze angle is -39 and ver angle is -44
INFO:__main__:hor gaze angle is 72 and ver angle is 75
INFO:__main__:hor gaze angle is 72 and ver angle is 75
INFO:__main__:hor gaze angle is 72 and ver angle is 75
INFO:__main__:hor gaze angle is 72 and ver angle is 75
INFO:__main__:hor gaze angle is 72 and ver angle is 75
INFO:__main__:hor gaze angle is -40 and ver angle is -44
INFO:__main__:hor gaze angle is 72 and ver angle is 75
INFO:__main__:hor gaze angle is 72 and ver angle is 75
INFO:__main__:hor gaze angle is 72 and ver angle is 75
INFO:__main__:hor gaze angle is 72 and ver angle is 75
INFO:__main__:hor gaze angle is 72 and ver angle is 75
INFO:__main__:hor gaze angle is 72 and ver angle is 75
INFO:__main__:hor gaze angle is 72 and ver angle is 75
INFO:__main__:hor gaze angle is 72 and ver angle is 74
INFO:__main__:hor gaze angle is 72 and ver angle is 74
INFO:__main__:hor gaze angle is 72 and ver angle is 74
INFO:__main__:hor gaze angle is 72 and ver angle is 74
INFO:__main__:hor gaze angle is -36 and ver angle is -40
INFO:__main__:hor gaze angle is -39 and ver angle is -43
INFO:__main__:hor gaze angle is -39 and ver angle is -43
INFO:__main__:hor gaze angle is 72 and ver angle is 74
INFO:__main__:hor gaze angle is 72 and ver angle is 74
INFO:__main__:hor gaze angle is 72 and ver angle is 74
INFO:__main__:hor gaze angle is 72 and ver angle is 74
INFO:__main__:hor gaze angle is 72 and ver angle is 74
INFO:__main__:hor gaze angle is 72 and ver angle is 74
INFO:__main__:hor gaze angle is 72 and ver angle is 74
INFO:__main__:hor gaze angle is 72 and ver angle is 75
INFO:__main__:hor gaze angle is 72 and ver angle is 74
INFO:__main__:hor gaze angle is 72 and ver angle is 74
INFO:__main__:hor gaze angle is 72 and ver angle is 74
INFO:__main__:hor gaze angle is 72 and ver angle is 74
INFO:__main__:hor gaze angle is 72 and ver angle is 74
INFO:__main__:hor gaze angle is 72 and ver angle is 74
INFO:__main__:hor gaze angle is 72 and ver angle is 74
INFO:__main__:hor gaze angle is 72 and ver angle is 74
INFO:__main__:hor gaze angle is 16 and ver angle is 18
INFO:__main__:hor gaze angle is 14 and ver angle is 16
INFO:__main__:hor gaze angle is 17 and ver angle is 19
INFO:__main__:hor gaze angle is 16 and ver angle is 19
INFO:__main__:hor gaze angle is 16 and ver angle is 19
INFO:__main__:hor gaze angle is 16 and ver angle is 19
INFO:__main__:hor gaze angle is 16 and ver angle is 18
INFO:__main__:hor gaze angle is 16 and ver angle is 18
INFO:__main__:hor gaze angle is 17 and ver angle is 19
INFO:__main__:hor gaze angle is 16 and ver angle is 18
INFO:__main__:hor gaze angle is 16 and ver angle is 19
INFO:__main__:hor gaze angle is 16 and ver angle is 19
INFO:__main__:hor gaze angle is 22 and ver angle is 25
INFO:__main__:hor gaze angle is 22 and ver angle is 25
INFO:__main__:hor gaze angle is 23 and ver angle is 26
INFO:__main__:hor gaze angle is 72 and ver angle is 74
INFO:__main__:hor gaze angle is 72 and ver angle is 74
INFO:__main__:hor gaze angle is 72 and ver angle is 74
INFO:__main__:hor gaze angle is 72 and ver angle is 74
INFO:__main__:hor gaze angle is 72 and ver angle is 74
INFO:__main__:hor gaze angle is 19 and ver angle is 21
INFO:__main__:hor gaze angle is 18 and ver angle is 21
INFO:__main__:hor gaze angle is 18 and ver angle is 21
INFO:__main__:hor gaze angle is 18 and ver angle is 21
INFO:__main__:hor gaze angle is -7 and ver angle is -8
INFO:__main__:hor gaze angle is 72 and ver angle is 74
INFO:__main__:hor gaze angle is 72 and ver angle is 74
INFO:__main__:hor gaze angle is 72 and ver angle is 74
INFO:__main__:hor gaze angle is 72 and ver angle is 74
INFO:__main__:hor gaze angle is 72 and ver angle is 74
INFO:__main__:hor gaze angle is 72 and ver angle is 74
INFO:__main__:hor gaze angle is 72 and ver angle is 74
INFO:__main__:hor gaze angle is 72 and ver angle is 74
INFO:__main__:hor gaze angle is 72 and ver angle is 74
INFO:__main__:hor gaze angle is 72 and ver angle is 74
INFO:__main__:hor gaze angle is 72 and ver angle is 74
INFO:__main__:hor gaze angle is 72 and ver angle is 74
INFO:__main__:hor gaze angle is 72 and ver angle is 74
INFO:__main__:hor gaze angle is 22 and ver angle is 25
INFO:__main__:hor gaze angle is 72 and ver angle is 74
INFO:__main__:hor gaze angle is 72 and ver angle is 74
INFO:__main__:hor gaze angle is 72 and ver angle is 74
INFO:__main__:hor gaze angle is 21 and ver angle is 24
INFO:__main__:hor gaze angle is 20 and ver angle is 23
INFO:__main__:hor gaze angle is 72 and ver angle is 74
INFO:__main__:hor gaze angle is 72 and ver angle is 74
INFO:__main__:hor gaze angle is 72 and ver angle is 74
INFO:__main__:hor gaze angle is 22 and ver angle is 25
INFO:__main__:hor gaze angle is 22 and ver angle is 25
INFO:__main__:hor gaze angle is 22 and ver angle is 25
INFO:__main__:hor gaze angle is 22 and ver angle is 25
INFO:__main__:hor gaze angle is 21 and ver angle is 24
INFO:__main__:hor gaze angle is 21 and ver angle is 24
INFO:__main__:hor gaze angle is 21 and ver angle is 24
INFO:__main__:hor gaze angle is 21 and ver angle is 24
INFO:__main__:hor gaze angle is 23 and ver angle is 26
INFO:__main__:hor gaze angle is 72 and ver angle is 74
INFO:__main__:hor gaze angle is 44 and ver angle is 48
INFO:__main__:hor gaze angle is 12 and ver angle is 14
INFO:__main__:hor gaze angle is 24 and ver angle is 27
INFO:__main__:hor gaze angle is -62 and ver angle is -65
INFO:__main__:hor gaze angle is -23 and ver angle is -26
INFO:__main__:hor gaze angle is 50 and ver angle is 54
INFO:__main__:hor gaze angle is -59 and ver angle is -63
INFO:__main__:hor gaze angle is -48 and ver angle is -52
INFO:__main__:hor gaze angle is -10 and ver angle is -12
INFO:__main__:hor gaze angle is 22 and ver angle is 26
INFO:__main__:hor gaze angle is 33 and ver angle is 37
INFO:__main__:hor gaze angle is 21 and ver angle is 24
INFO:__main__:hor gaze angle is -16 and ver angle is -19
INFO:__main__:hor gaze angle is -47 and ver angle is -51
INFO:__main__:hor gaze angle is 71 and ver angle is 73
INFO:__main__:hor gaze angle is 70 and ver angle is 72
INFO:__main__:hor gaze angle is -67 and ver angle is -70
INFO:__main__:hor gaze angle is -45 and ver angle is -50
INFO:__main__:hor gaze angle is -35 and ver angle is -39
INFO:__main__:hor gaze angle is -68 and ver angle is -70
INFO:__main__:hor gaze angle is 32 and ver angle is 36
INFO:__main__:hor gaze angle is 49 and ver angle is 53
INFO:__main__:hor gaze angle is 54 and ver angle is 58
INFO:__main__:hor gaze angle is 63 and ver angle is 67
INFO:__main__:hor gaze angle is 66 and ver angle is 69
INFO:__main__:hor gaze angle is 63 and ver angle is 66
INFO:__main__:hor gaze angle is 52 and ver angle is 56
INFO:__main__:hor gaze angle is -8 and ver angle is -10
INFO:__main__:hor gaze angle is -35 and ver angle is -39
INFO:__main__:hor gaze angle is 54 and ver angle is 58
INFO:__main__:hor gaze angle is 65 and ver angle is 68
INFO:__main__:hor gaze angle is -68 and ver angle is -70
INFO:__main__:hor gaze angle is -68 and ver angle is -70
INFO:__main__:hor gaze angle is -68 and ver angle is -70
INFO:__main__:hor gaze angle is -68 and ver angle is -70
INFO:__main__:hor gaze angle is -68 and ver angle is -70
INFO:__main__:hor gaze angle is -68 and ver angle is -70
INFO:__main__:hor gaze angle is -68 and ver angle is -70
INFO:__main__:hor gaze angle is -68 and ver angle is -70
INFO:__main__:hor gaze angle is -68 and ver angle is -70
INFO:__main__:hor gaze angle is -68 and ver angle is -70
INFO:__main__:hor gaze angle is -68 and ver angle is -70
INFO:__main__:hor gaze angle is -68 and ver angle is -70
INFO:__main__:hor gaze angle is -68 and ver angle is -70
INFO:__main__:hor gaze angle is -68 and ver angle is -70
INFO:__main__:hor gaze angle is -68 and ver angle is -70
INFO:__main__:hor gaze angle is -68 and ver angle is -70
INFO:__main__:hor gaze angle is -68 and ver angle is -70
INFO:__main__:hor gaze angle is -68 and ver angle is -70
INFO:__main__:hor gaze angle is -68 and ver angle is -70
INFO:__main__:hor gaze angle is -68 and ver angle is -70
INFO:__main__:hor gaze angle is -68 and ver angle is -70
INFO:__main__:hor gaze angle is -68 and ver angle is -70
INFO:__main__:hor gaze angle is -68 and ver angle is -70
INFO:__main__:hor gaze angle is -68 and ver angle is -70
INFO:__main__:hor gaze angle is -68 and ver angle is -70
INFO:__main__:hor gaze angle is -68 and ver angle is -70
INFO:__main__:hor gaze angle is -68 and ver angle is -70
INFO:__main__:hor gaze angle is -68 and ver angle is -70
INFO:__main__:hor gaze angle is -68 and ver angle is -70
INFO:__main__:hor gaze angle is -68 and ver angle is -70
INFO:__main__:hor gaze angle is -68 and ver angle is -70
INFO:__main__:hor gaze angle is -68 and ver angle is -70
INFO:__main__:hor gaze angle is -68 and ver angle is -70
INFO:__main__:hor gaze angle is -68 and ver angle is -70
INFO:__main__:hor gaze angle is -68 and ver angle is -70
INFO:__main__:hor gaze angle is -68 and ver angle is -70
INFO:__main__:hor gaze angle is -68 and ver angle is -70
INFO:__main__:hor gaze angle is -68 and ver angle is -70
INFO:__main__:hor gaze angle is -68 and ver angle is -70
INFO:__main__:hor gaze angle is -68 and ver angle is -70
INFO:__main__:hor gaze angle is -68 and ver angle is -70
INFO:__main__:hor gaze angle is -68 and ver angle is -70
INFO:__main__:hor gaze angle is -68 and ver angle is -70
INFO:__main__:hor gaze angle is -68 and ver angle is -70
INFO:__main__:hor gaze angle is -68 and ver angle is -70
INFO:__main__:hor gaze angle is -68 and ver angle is -70
INFO:__main__:hor gaze angle is -68 and ver angle is -70
INFO:__main__:hor gaze angle is -68 and ver angle is -70
INFO:__main__:hor gaze angle is -68 and ver angle is -70
INFO:__main__:hor gaze angle is -68 and ver angle is -70
INFO:__main__:hor gaze angle is -68 and ver angle is -70
INFO:__main__:Started
INFO:__main__:hor gaze angle is 0 and ver angle is 0
INFO:__main__:hor gaze angle is 0 and ver angle is 0
INFO:__main__:hor gaze angle is 0 and ver angle is 0
INFO:__main__:hor gaze angle is 0 and ver angle is 0
INFO:__main__:hor gaze angle is 0 and ver angle is 0
INFO:__main__:hor gaze angle is 0 and ver angle is 0
INFO:__main__:hor gaze angle is 0 and ver angle is 0
INFO:__main__:hor gaze angle is 0 and ver angle is 0
INFO:__main__:hor gaze angle is -68 and ver angle is -70
INFO:__main__:hor gaze angle is -70 and ver angle is -72
INFO:__main__:hor gaze angle is -70 and ver angle is -72
INFO:__main__:hor gaze angle is -67 and ver angle is -70
INFO:__main__:hor gaze angle is -67 and ver angle is -70
INFO:__main__:hor gaze angle is -67 and ver angle is -70
INFO:__main__:hor gaze angle is -67 and ver angle is -70
INFO:__main__:hor gaze angle is -67 and ver angle is -70
INFO:__main__:hor gaze angle is -57 and ver angle is -61
INFO:__main__:hor gaze angle is -2 and ver angle is -2
INFO:__main__:hor gaze angle is -2 and ver angle is -2
INFO:__main__:hor gaze angle is -2 and ver angle is -2
INFO:__main__:hor gaze angle is -2 and ver angle is -2
INFO:__main__:hor gaze angle is -3 and ver angle is -3
INFO:__main__:hor gaze angle is -2 and ver angle is -2
INFO:__main__:hor gaze angle is -1 and ver angle is -1
INFO:__main__:hor gaze angle is 0 and ver angle is 0
INFO:__main__:hor gaze angle is -2 and ver angle is -2
INFO:__main__:hor gaze angle is -2 and ver angle is -2
INFO:__main__:hor gaze angle is -1 and ver angle is -1
INFO:__main__:hor gaze angle is -61 and ver angle is -64
INFO:__main__:hor gaze angle is -1 and ver angle is -2
INFO:__main__:hor gaze angle is -1 and ver angle is -2
INFO:__main__:hor gaze angle is -1 and ver angle is -1
INFO:__main__:hor gaze angle is -60 and ver angle is -64
INFO:__main__:hor gaze angle is -64 and ver angle is -67
INFO:__main__:hor gaze angle is -67 and ver angle is -70
INFO:__main__:hor gaze angle is -3 and ver angle is -3
INFO:__main__:hor gaze angle is -3 and ver angle is -3
INFO:__main__:hor gaze angle is -4 and ver angle is -4
INFO:__main__:hor gaze angle is -1 and ver angle is -2
INFO:__main__:hor gaze angle is -3 and ver angle is -3
INFO:__main__:hor gaze angle is -3 and ver angle is -4
INFO:__main__:hor gaze angle is -3 and ver angle is -4
INFO:__main__:hor gaze angle is -3 and ver angle is -4
INFO:__main__:hor gaze angle is -2 and ver angle is -2
INFO:__main__:hor gaze angle is -1 and ver angle is -1
INFO:__main__:hor gaze angle is -1 and ver angle is -1
INFO:__main__:hor gaze angle is -3 and ver angle is -3
INFO:__main__:hor gaze angle is -1 and ver angle is -1
INFO:__main__:hor gaze angle is -2 and ver angle is -2
INFO:__main__:hor gaze angle is -3 and ver angle is -4
INFO:__main__:hor gaze angle is -4 and ver angle is -5
INFO:__main__:hor gaze angle is -7 and ver angle is -9
INFO:__main__:hor gaze angle is -5 and ver angle is -6
INFO:__main__:hor gaze angle is -5 and ver angle is -6
INFO:__main__:hor gaze angle is -72 and ver angle is -74
INFO:__main__:hor gaze angle is -68 and ver angle is -71
INFO:__main__:hor gaze angle is -69 and ver angle is -72
INFO:__main__:hor gaze angle is -68 and ver angle is -70
INFO:__main__:hor gaze angle is -3 and ver angle is -4
INFO:__main__:hor gaze angle is -3 and ver angle is -4
INFO:__main__:hor gaze angle is -3 and ver angle is -4
INFO:__main__:hor gaze angle is -4 and ver angle is -4
INFO:__main__:hor gaze angle is -4 and ver angle is -5
INFO:__main__:hor gaze angle is -4 and ver angle is -5
INFO:__main__:hor gaze angle is -4 and ver angle is -5
INFO:__main__:hor gaze angle is -6 and ver angle is -6
INFO:__main__:hor gaze angle is -6 and ver angle is -6
INFO:__main__:hor gaze angle is -68 and ver angle is -71
INFO:__main__:hor gaze angle is -68 and ver angle is -70
INFO:__main__:hor gaze angle is -5 and ver angle is -6
INFO:__main__:hor gaze angle is -5 and ver angle is -6
INFO:__main__:hor gaze angle is -5 and ver angle is -6
INFO:__main__:hor gaze angle is -5 and ver angle is -5
INFO:__main__:hor gaze angle is -6 and ver angle is -7
INFO:__main__:hor gaze angle is -5 and ver angle is -6
INFO:__main__:hor gaze angle is -6 and ver angle is -6
INFO:__main__:hor gaze angle is -5 and ver angle is -6
INFO:__main__:hor gaze angle is -6 and ver angle is -6
INFO:__main__:hor gaze angle is -5 and ver angle is -6
INFO:__main__:hor gaze angle is -6 and ver angle is -7
INFO:__main__:hor gaze angle is -5 and ver angle is -6
INFO:__main__:Started
INFO:__main__:hor gaze angle is -1 and ver angle is -1
INFO:__main__:hor gaze angle is -3 and ver angle is -4
INFO:__main__:hor gaze angle is -6 and ver angle is -6
INFO:__main__:hor gaze angle is 13 and ver angle is 14
INFO:__main__:hor gaze angle is 22 and ver angle is 25
INFO:__main__:hor gaze angle is -11 and ver angle is -12
INFO:__main__:hor gaze angle is -17 and ver angle is -19
INFO:__main__:hor gaze angle is -15 and ver angle is -17
INFO:__main__:hor gaze angle is -14 and ver angle is -16
INFO:__main__:hor gaze angle is -8 and ver angle is -9
INFO:__main__:hor gaze angle is -12 and ver angle is -14
INFO:__main__:hor gaze angle is -15 and ver angle is -17
INFO:__main__:hor gaze angle is -14 and ver angle is -16
INFO:__main__:hor gaze angle is -12 and ver angle is -14
INFO:__main__:hor gaze angle is -13 and ver angle is -15
INFO:__main__:hor gaze angle is -15 and ver angle is -17
INFO:__main__:hor gaze angle is -14 and ver angle is -17
INFO:__main__:hor gaze angle is -13 and ver angle is -15
INFO:__main__:hor gaze angle is -12 and ver angle is -14
INFO:__main__:hor gaze angle is -13 and ver angle is -15
INFO:__main__:hor gaze angle is -16 and ver angle is -18
INFO:__main__:hor gaze angle is 19 and ver angle is 22
INFO:__main__:hor gaze angle is 33 and ver angle is 37
INFO:__main__:hor gaze angle is 36 and ver angle is 40
INFO:__main__:hor gaze angle is 39 and ver angle is 43
INFO:__main__:hor gaze angle is 39 and ver angle is 43
INFO:__main__:hor gaze angle is 40 and ver angle is 44
INFO:__main__:hor gaze angle is 42 and ver angle is 46
INFO:__main__:hor gaze angle is 42 and ver angle is 46
INFO:__main__:hor gaze angle is 41 and ver angle is 45
INFO:__main__:hor gaze angle is 41 and ver angle is 45
INFO:__main__:hor gaze angle is 41 and ver angle is 45
INFO:__main__:hor gaze angle is 41 and ver angle is 45
INFO:__main__:hor gaze angle is 41 and ver angle is 45
INFO:__main__:hor gaze angle is 42 and ver angle is 46
INFO:__main__:hor gaze angle is 42 and ver angle is 46
INFO:__main__:hor gaze angle is 41 and ver angle is 46
INFO:__main__:hor gaze angle is 42 and ver angle is 46
INFO:__main__:hor gaze angle is 43 and ver angle is 47
INFO:__main__:hor gaze angle is 43 and ver angle is 47
INFO:__main__:hor gaze angle is 42 and ver angle is 47
INFO:__main__:hor gaze angle is 43 and ver angle is 47
INFO:__main__:hor gaze angle is 43 and ver angle is 47
INFO:__main__:hor gaze angle is 43 and ver angle is 47
INFO:__main__:hor gaze angle is 42 and ver angle is 47
INFO:__main__:hor gaze angle is 42 and ver angle is 47
INFO:__main__:hor gaze angle is 31 and ver angle is 35
INFO:__main__:hor gaze angle is 42 and ver angle is 46
INFO:__main__:hor gaze angle is 42 and ver angle is 46
INFO:__main__:hor gaze angle is 42 and ver angle is 46
INFO:__main__:hor gaze angle is 41 and ver angle is 45
INFO:__main__:hor gaze angle is 41 and ver angle is 45
INFO:__main__:hor gaze angle is 33 and ver angle is 37
INFO:__main__:hor gaze angle is -20 and ver angle is -23
INFO:__main__:hor gaze angle is -1 and ver angle is -2
INFO:__main__:hor gaze angle is -5 and ver angle is -6
INFO:__main__:hor gaze angle is 5 and ver angle is 5
INFO:__main__:hor gaze angle is 30 and ver angle is 34
INFO:__main__:hor gaze angle is -1 and ver angle is -2
INFO:__main__:hor gaze angle is -10 and ver angle is -11
INFO:__main__:hor gaze angle is 0 and ver angle is 1
INFO:__main__:hor gaze angle is -1 and ver angle is -2
INFO:__main__:hor gaze angle is -17 and ver angle is -20
INFO:__main__:hor gaze angle is -18 and ver angle is -21
INFO:__main__:hor gaze angle is -20 and ver angle is -23
INFO:__main__:hor gaze angle is -37 and ver angle is -41
INFO:__main__:hor gaze angle is -40 and ver angle is -44
INFO:__main__:hor gaze angle is -43 and ver angle is -47
INFO:__main__:hor gaze angle is -44 and ver angle is -48
INFO:__main__:hor gaze angle is -47 and ver angle is -51
INFO:__main__:hor gaze angle is -44 and ver angle is -48
INFO:__main__:hor gaze angle is -45 and ver angle is -50
INFO:__main__:hor gaze angle is -50 and ver angle is -54
INFO:__main__:hor gaze angle is -42 and ver angle is -47
INFO:__main__:hor gaze angle is -44 and ver angle is -48
INFO:__main__:hor gaze angle is -44 and ver angle is -48
INFO:__main__:hor gaze angle is -43 and ver angle is -48
INFO:__main__:hor gaze angle is -44 and ver angle is -49
INFO:__main__:hor gaze angle is -46 and ver angle is -50
INFO:__main__:hor gaze angle is -46 and ver angle is -50
INFO:__main__:hor gaze angle is -48 and ver angle is -52
INFO:__main__:hor gaze angle is -48 and ver angle is -52
INFO:__main__:hor gaze angle is -47 and ver angle is -51
INFO:__main__:hor gaze angle is -47 and ver angle is -51
INFO:__main__:hor gaze angle is -48 and ver angle is -52
INFO:__main__:hor gaze angle is -47 and ver angle is -52
INFO:__main__:hor gaze angle is -50 and ver angle is -54
INFO:__main__:hor gaze angle is -50 and ver angle is -54
INFO:__main__:hor gaze angle is -50 and ver angle is -54
INFO:__main__:hor gaze angle is -53 and ver angle is -57
INFO:__main__:hor gaze angle is -56 and ver angle is -60
INFO:__main__:hor gaze angle is -52 and ver angle is -56
INFO:__main__:hor gaze angle is -49 and ver angle is -53
INFO:__main__:hor gaze angle is -53 and ver angle is -57
INFO:__main__:hor gaze angle is -53 and ver angle is -56
INFO:__main__:hor gaze angle is -52 and ver angle is -56
INFO:__main__:hor gaze angle is -54 and ver angle is -58
INFO:__main__:hor gaze angle is -55 and ver angle is -58
INFO:__main__:hor gaze angle is -53 and ver angle is -57
INFO:__main__:hor gaze angle is -53 and ver angle is -57
INFO:__main__:hor gaze angle is -53 and ver angle is -57
INFO:__main__:hor gaze angle is -50 and ver angle is -54
INFO:__main__:hor gaze angle is -53 and ver angle is -57
INFO:__main__:hor gaze angle is -52 and ver angle is -56
INFO:__main__:hor gaze angle is -54 and ver angle is -58
INFO:__main__:hor gaze angle is -55 and ver angle is -59
INFO:__main__:hor gaze angle is -55 and ver angle is -58
INFO:__main__:hor gaze angle is -54 and ver angle is -58
INFO:__main__:hor gaze angle is -50 and ver angle is -54
INFO:__main__:hor gaze angle is -49 and ver angle is -53
INFO:__main__:hor gaze angle is -49 and ver angle is -53
INFO:__main__:hor gaze angle is -48 and ver angle is -52
INFO:__main__:hor gaze angle is -51 and ver angle is -55
INFO:__main__:hor gaze angle is -36 and ver angle is -40
INFO:__main__:hor gaze angle is -5 and ver angle is -6
INFO:__main__:hor gaze angle is 0 and ver angle is 0
INFO:__main__:hor gaze angle is 7 and ver angle is 8
INFO:__main__:hor gaze angle is 14 and ver angle is 16
INFO:__main__:hor gaze angle is 16 and ver angle is 19
INFO:__main__:hor gaze angle is 17 and ver angle is 19
INFO:__main__:hor gaze angle is 17 and ver angle is 19
INFO:__main__:hor gaze angle is 18 and ver angle is 21
INFO:__main__:hor gaze angle is 19 and ver angle is 21
INFO:__main__:hor gaze angle is 17 and ver angle is 20
INFO:__main__:hor gaze angle is 19 and ver angle is 22
INFO:__main__:hor gaze angle is 20 and ver angle is 22
INFO:__main__:hor gaze angle is 20 and ver angle is 23
INFO:__main__:hor gaze angle is 21 and ver angle is 24
INFO:__main__:hor gaze angle is 22 and ver angle is 25
INFO:__main__:hor gaze angle is 21 and ver angle is 24
INFO:__main__:hor gaze angle is 20 and ver angle is 23
INFO:__main__:hor gaze angle is 20 and ver angle is 23
INFO:__main__:hor gaze angle is 22 and ver angle is 25
INFO:__main__:hor gaze angle is 21 and ver angle is 24
INFO:__main__:hor gaze angle is 19 and ver angle is 22
INFO:__main__:hor gaze angle is 16 and ver angle is 18
INFO:__main__:hor gaze angle is 12 and ver angle is 13
INFO:__main__:hor gaze angle is 13 and ver angle is 15
INFO:__main__:hor gaze angle is 3 and ver angle is 4
INFO:__main__:hor gaze angle is 4 and ver angle is 5
INFO:__main__:hor gaze angle is 4 and ver angle is 5
INFO:__main__:hor gaze angle is -13 and ver angle is -15
INFO:__main__:hor gaze angle is -14 and ver angle is -16
INFO:__main__:hor gaze angle is -10 and ver angle is -11
INFO:__main__:hor gaze angle is -9 and ver angle is -10
INFO:__main__:hor gaze angle is -10 and ver angle is -11
INFO:__main__:hor gaze angle is -10 and ver angle is -11
INFO:__main__:hor gaze angle is -9 and ver angle is -11
INFO:__main__:hor gaze angle is -9 and ver angle is -10
INFO:__main__:hor gaze angle is -9 and ver angle is -10
INFO:__main__:hor gaze angle is -8 and ver angle is -10
INFO:__main__:hor gaze angle is -8 and ver angle is -9
INFO:__main__:hor gaze angle is -8 and ver angle is -10
INFO:__main__:hor gaze angle is -8 and ver angle is -10
INFO:__main__:hor gaze angle is -8 and ver angle is -10
INFO:__main__:hor gaze angle is -8 and ver angle is -9
INFO:__main__:hor gaze angle is -8 and ver angle is -10
INFO:__main__:hor gaze angle is -9 and ver angle is -11
INFO:__main__:hor gaze angle is -9 and ver angle is -11
INFO:__main__:hor gaze angle is -11 and ver angle is -12
INFO:__main__:hor gaze angle is -11 and ver angle is -13
INFO:__main__:hor gaze angle is -11 and ver angle is -13
INFO:__main__:hor gaze angle is -18 and ver angle is -20
INFO:__main__:hor gaze angle is -16 and ver angle is -19
INFO:__main__:hor gaze angle is -16 and ver angle is -19
INFO:__main__:hor gaze angle is -15 and ver angle is -17
INFO:__main__:hor gaze angle is -13 and ver angle is -15
INFO:__main__:hor gaze angle is -13 and ver angle is -14
INFO:__main__:hor gaze angle is -14 and ver angle is -16
INFO:__main__:hor gaze angle is -12 and ver angle is -14
INFO:__main__:hor gaze angle is -12 and ver angle is -14
INFO:__main__:hor gaze angle is -12 and ver angle is -14
INFO:__main__:hor gaze angle is -13 and ver angle is -15
INFO:__main__:hor gaze angle is -11 and ver angle is -12
INFO:__main__:hor gaze angle is -6 and ver angle is -7
INFO:__main__:hor gaze angle is -7 and ver angle is -8
INFO:__main__:hor gaze angle is -7 and ver angle is -8
INFO:__main__:hor gaze angle is -14 and ver angle is -16
INFO:__main__:hor gaze angle is -15 and ver angle is -18
INFO:__main__:hor gaze angle is -18 and ver angle is -21
INFO:__main__:hor gaze angle is -20 and ver angle is -23
INFO:__main__:hor gaze angle is -21 and ver angle is -24
INFO:__main__:hor gaze angle is -24 and ver angle is -27
INFO:__main__:hor gaze angle is -24 and ver angle is -27
INFO:__main__:hor gaze angle is -23 and ver angle is -26
INFO:__main__:hor gaze angle is -22 and ver angle is -25
INFO:__main__:hor gaze angle is -22 and ver angle is -25
INFO:__main__:hor gaze angle is -19 and ver angle is -22
INFO:__main__:hor gaze angle is -19 and ver angle is -22
INFO:__main__:hor gaze angle is -19 and ver angle is -22
INFO:__main__:hor gaze angle is -19 and ver angle is -21
INFO:__main__:hor gaze angle is -18 and ver angle is -21
INFO:__main__:hor gaze angle is -19 and ver angle is -22
INFO:__main__:hor gaze angle is -21 and ver angle is -24
INFO:__main__:hor gaze angle is -19 and ver angle is -21
INFO:__main__:hor gaze angle is -15 and ver angle is -18
INFO:__main__:hor gaze angle is -15 and ver angle is -18
INFO:__main__:hor gaze angle is -16 and ver angle is -18
INFO:__main__:hor gaze angle is -16 and ver angle is -19
INFO:__main__:hor gaze angle is -19 and ver angle is -22
INFO:__main__:hor gaze angle is -22 and ver angle is -25
INFO:__main__:hor gaze angle is -24 and ver angle is -27
INFO:__main__:hor gaze angle is -23 and ver angle is -26
INFO:__main__:hor gaze angle is -20 and ver angle is -22
INFO:__main__:hor gaze angle is -18 and ver angle is -20
INFO:__main__:hor gaze angle is -20 and ver angle is -23
INFO:__main__:hor gaze angle is -19 and ver angle is -22
INFO:__main__:hor gaze angle is -18 and ver angle is -21
INFO:__main__:hor gaze angle is -16 and ver angle is -18
INFO:__main__:hor gaze angle is -17 and ver angle is -20
INFO:__main__:hor gaze angle is -14 and ver angle is -16
INFO:__main__:hor gaze angle is -14 and ver angle is -17
INFO:__main__:hor gaze angle is -17 and ver angle is -20
INFO:__main__:hor gaze angle is 0 and ver angle is 1
INFO:__main__:hor gaze angle is 0 and ver angle is 1
INFO:__main__:hor gaze angle is 1 and ver angle is 1
INFO:__main__:hor gaze angle is 30 and ver angle is 34
INFO:__main__:hor gaze angle is -3 and ver angle is -3
INFO:__main__:hor gaze angle is -9 and ver angle is -11
INFO:__main__:hor gaze angle is 8 and ver angle is 9
INFO:__main__:hor gaze angle is 17 and ver angle is 19
INFO:__main__:hor gaze angle is 19 and ver angle is 22
INFO:__main__:hor gaze angle is 26 and ver angle is 29
INFO:__main__:hor gaze angle is 24 and ver angle is 28
INFO:__main__:hor gaze angle is 21 and ver angle is 24
INFO:__main__:hor gaze angle is 25 and ver angle is 28
INFO:__main__:hor gaze angle is -13 and ver angle is -15
INFO:__main__:hor gaze angle is -17 and ver angle is -20
INFO:__main__:hor gaze angle is -6 and ver angle is -8
INFO:__main__:hor gaze angle is -56 and ver angle is -59
INFO:__main__:hor gaze angle is -21 and ver angle is -24
INFO:__main__:hor gaze angle is 45 and ver angle is 49
INFO:__main__:hor gaze angle is 66 and ver angle is 69
INFO:__main__:hor gaze angle is 72 and ver angle is 75
INFO:__main__:hor gaze angle is 62 and ver angle is 65
INFO:__main__:hor gaze angle is 62 and ver angle is 65
INFO:__main__:hor gaze angle is 64 and ver angle is 67
INFO:__main__:hor gaze angle is 72 and ver angle is 74
INFO:__main__:hor gaze angle is -65 and ver angle is -68
INFO:__main__:hor gaze angle is -57 and ver angle is -60
INFO:__main__:hor gaze angle is -40 and ver angle is -44
INFO:__main__:hor gaze angle is 1 and ver angle is 1
INFO:__main__:hor gaze angle is 43 and ver angle is 47
INFO:__main__:hor gaze angle is 53 and ver angle is 57
INFO:__main__:hor gaze angle is 52 and ver angle is 56
INFO:__main__:hor gaze angle is 46 and ver angle is 50
INFO:__main__:hor gaze angle is 25 and ver angle is 29
INFO:__main__:hor gaze angle is -33 and ver angle is -37
INFO:__main__:hor gaze angle is 71 and ver angle is 74
INFO:__main__:hor gaze angle is 62 and ver angle is 66
INFO:__main__:hor gaze angle is 22 and ver angle is 25
INFO:__main__:hor gaze angle is 72 and ver angle is 74
INFO:__main__:hor gaze angle is 71 and ver angle is 73
INFO:__main__:hor gaze angle is 71 and ver angle is 73
INFO:__main__:hor gaze angle is 51 and ver angle is 55
INFO:__main__:hor gaze angle is 61 and ver angle is 64
INFO:__main__:hor gaze angle is 67 and ver angle is 70
INFO:__main__:hor gaze angle is 66 and ver angle is 69
INFO:__main__:hor gaze angle is -24 and ver angle is -27
INFO:__main__:hor gaze angle is 66 and ver angle is 69
INFO:__main__:hor gaze angle is 1 and ver angle is 2
INFO:__main__:hor gaze angle is -33 and ver angle is -37
INFO:__main__:hor gaze angle is 21 and ver angle is 24
INFO:__main__:hor gaze angle is 32 and ver angle is 36
INFO:__main__:hor gaze angle is -56 and ver angle is -59
INFO:__main__:hor gaze angle is 71 and ver angle is 73
INFO:__main__:hor gaze angle is 72 and ver angle is 74
INFO:__main__:hor gaze angle is -67 and ver angle is -70
INFO:__main__:hor gaze angle is -67 and ver angle is -70
INFO:__main__:hor gaze angle is -67 and ver angle is -70
INFO:__main__:hor gaze angle is -67 and ver angle is -70
INFO:__main__:hor gaze angle is -67 and ver angle is -70
INFO:__main__:hor gaze angle is -67 and ver angle is -70
INFO:__main__:hor gaze angle is -67 and ver angle is -70
INFO:__main__:hor gaze angle is -67 and ver angle is -70
INFO:__main__:hor gaze angle is -67 and ver angle is -70
INFO:__main__:hor gaze angle is -67 and ver angle is -70
INFO:__main__:hor gaze angle is -67 and ver angle is -70
INFO:__main__:hor gaze angle is -67 and ver angle is -70
INFO:__main__:hor gaze angle is -67 and ver angle is -70
INFO:__main__:hor gaze angle is -67 and ver angle is -70
INFO:__main__:hor gaze angle is -67 and ver angle is -70
INFO:__main__:hor gaze angle is -67 and ver angle is -70
INFO:__main__:hor gaze angle is -60 and ver angle is -64
INFO:__main__:hor gaze angle is 39 and ver angle is 43
INFO:__main__:hor gaze angle is 31 and ver angle is 35
INFO:__main__:hor gaze angle is 12 and ver angle is 13
INFO:__main__:hor gaze angle is 22 and ver angle is 25
INFO:__main__:hor gaze angle is -11 and ver angle is -13
INFO:__main__:hor gaze angle is -41 and ver angle is -46
INFO:__main__:hor gaze angle is 28 and ver angle is 31
INFO:__main__:hor gaze angle is 62 and ver angle is 65
INFO:__main__:hor gaze angle is 73 and ver angle is 75
INFO:__main__:hor gaze angle is -67 and ver angle is -70
INFO:__main__:hor gaze angle is -67 and ver angle is -70
INFO:__main__:hor gaze angle is -67 and ver angle is -70
INFO:__main__:hor gaze angle is -67 and ver angle is -70
INFO:__main__:hor gaze angle is -67 and ver angle is -70
INFO:__main__:hor gaze angle is 72 and ver angle is 74
INFO:__main__:hor gaze angle is 70 and ver angle is 72
INFO:__main__:hor gaze angle is 68 and ver angle is 71
INFO:__main__:hor gaze angle is 67 and ver angle is 70
INFO:__main__:hor gaze angle is 65 and ver angle is 68
INFO:__main__:hor gaze angle is 63 and ver angle is 66
INFO:__main__:hor gaze angle is 60 and ver angle is 64
INFO:__main__:hor gaze angle is 57 and ver angle is 60
INFO:__main__:hor gaze angle is 52 and ver angle is 56
INFO:__main__:hor gaze angle is 19 and ver angle is 22
INFO:__main__:hor gaze angle is -8 and ver angle is -10
INFO:__main__:hor gaze angle is -26 and ver angle is -29
INFO:__main__:hor gaze angle is -40 and ver angle is -44
INFO:__main__:hor gaze angle is -60 and ver angle is -63
INFO:__main__:hor gaze angle is -62 and ver angle is -66
INFO:__main__:hor gaze angle is -64 and ver angle is -67
INFO:__main__:hor gaze angle is -63 and ver angle is -66
INFO:__main__:hor gaze angle is 63 and ver angle is 66
INFO:__main__:Started
INFO:__main__:hor gaze angle is -1 and ver angle is -1
INFO:__main__:hor gaze angle is -3 and ver angle is -3
INFO:__main__:hor gaze angle is -2 and ver angle is -2
INFO:__main__:hor gaze angle is -3 and ver angle is -3
INFO:__main__:hor gaze angle is -5 and ver angle is -6
INFO:__main__:hor gaze angle is -8 and ver angle is -9
INFO:__main__:hor gaze angle is -8 and ver angle is -9
INFO:__main__:hor gaze angle is -5 and ver angle is -6
INFO:__main__:hor gaze angle is -5 and ver angle is -5
INFO:__main__:hor gaze angle is -4 and ver angle is -4
INFO:__main__:hor gaze angle is -3 and ver angle is -3
INFO:__main__:hor gaze angle is -1 and ver angle is -2
INFO:__main__:hor gaze angle is -1 and ver angle is -2
INFO:__main__:hor gaze angle is -1 and ver angle is -1
INFO:__main__:hor gaze angle is 0 and ver angle is 0
INFO:__main__:hor gaze angle is 0 and ver angle is 0
INFO:__main__:hor gaze angle is 0 and ver angle is 0
INFO:__main__:hor gaze angle is 45 and ver angle is 50
INFO:__main__:hor gaze angle is 49 and ver angle is 53
INFO:__main__:hor gaze angle is 49 and ver angle is 53
INFO:__main__:hor gaze angle is 49 and ver angle is 53
INFO:__main__:hor gaze angle is 49 and ver angle is 53
INFO:__main__:hor gaze angle is 49 and ver angle is 53
INFO:__main__:hor gaze angle is 51 and ver angle is 55
INFO:__main__:hor gaze angle is 50 and ver angle is 54
INFO:__main__:hor gaze angle is 50 and ver angle is 54
INFO:__main__:hor gaze angle is 47 and ver angle is 52
INFO:__main__:hor gaze angle is -16 and ver angle is -18
INFO:__main__:hor gaze angle is 40 and ver angle is 44
INFO:__main__:hor gaze angle is 41 and ver angle is 45
INFO:__main__:hor gaze angle is 46 and ver angle is 50
INFO:__main__:hor gaze angle is 44 and ver angle is 48
INFO:__main__:hor gaze angle is 43 and ver angle is 47
INFO:__main__:hor gaze angle is 37 and ver angle is 42
INFO:__main__:hor gaze angle is 40 and ver angle is 44
INFO:__main__:hor gaze angle is 38 and ver angle is 42
INFO:__main__:hor gaze angle is 45 and ver angle is 49
INFO:__main__:hor gaze angle is 47 and ver angle is 51
INFO:__main__:hor gaze angle is 50 and ver angle is 54
INFO:__main__:hor gaze angle is 54 and ver angle is 57
INFO:__main__:hor gaze angle is 55 and ver angle is 58
INFO:__main__:hor gaze angle is 54 and ver angle is 58
INFO:__main__:hor gaze angle is 53 and ver angle is 57
INFO:__main__:hor gaze angle is 52 and ver angle is 56
INFO:__main__:hor gaze angle is 53 and ver angle is 57
INFO:__main__:hor gaze angle is 54 and ver angle is 58
INFO:__main__:hor gaze angle is 53 and ver angle is 57
INFO:__main__:hor gaze angle is 51 and ver angle is 55
INFO:__main__:hor gaze angle is 51 and ver angle is 55
INFO:__main__:hor gaze angle is 53 and ver angle is 57
INFO:__main__:hor gaze angle is 53 and ver angle is 57
INFO:__main__:hor gaze angle is 52 and ver angle is 56
INFO:__main__:hor gaze angle is 52 and ver angle is 56
INFO:__main__:hor gaze angle is 52 and ver angle is 56
INFO:__main__:hor gaze angle is 51 and ver angle is 55
INFO:__main__:hor gaze angle is 49 and ver angle is 54
INFO:__main__:hor gaze angle is 49 and ver angle is 53
INFO:__main__:hor gaze angle is 50 and ver angle is 54
INFO:__main__:hor gaze angle is 51 and ver angle is 55
INFO:__main__:hor gaze angle is 51 and ver angle is 55
INFO:__main__:hor gaze angle is 50 and ver angle is 54
INFO:__main__:hor gaze angle is 50 and ver angle is 54
INFO:__main__:hor gaze angle is 50 and ver angle is 54
INFO:__main__:hor gaze angle is 50 and ver angle is 54
INFO:__main__:hor gaze angle is 50 and ver angle is 54
INFO:__main__:hor gaze angle is 49 and ver angle is 53
INFO:__main__:hor gaze angle is 48 and ver angle is 52
INFO:__main__:hor gaze angle is 50 and ver angle is 54
INFO:__main__:hor gaze angle is 50 and ver angle is 54
INFO:__main__:hor gaze angle is 50 and ver angle is 54
INFO:__main__:hor gaze angle is 49 and ver angle is 53
INFO:__main__:hor gaze angle is 50 and ver angle is 54
INFO:__main__:hor gaze angle is 50 and ver angle is 54
INFO:__main__:hor gaze angle is 49 and ver angle is 53
INFO:__main__:hor gaze angle is 49 and ver angle is 53
INFO:__main__:hor gaze angle is 49 and ver angle is 53
INFO:__main__:hor gaze angle is 49 and ver angle is 53
INFO:__main__:hor gaze angle is 49 and ver angle is 53
INFO:__main__:hor gaze angle is 46 and ver angle is 50
INFO:__main__:hor gaze angle is 44 and ver angle is 48
INFO:__main__:hor gaze angle is 45 and ver angle is 49
INFO:__main__:hor gaze angle is 48 and ver angle is 52
INFO:__main__:hor gaze angle is 48 and ver angle is 52
INFO:__main__:hor gaze angle is 49 and ver angle is 53
INFO:__main__:hor gaze angle is 50 and ver angle is 54
INFO:__main__:hor gaze angle is 51 and ver angle is 55
INFO:__main__:hor gaze angle is 49 and ver angle is 53
INFO:__main__:hor gaze angle is 50 and ver angle is 54
INFO:__main__:hor gaze angle is 50 and ver angle is 54
INFO:__main__:hor gaze angle is 50 and ver angle is 54
INFO:__main__:hor gaze angle is 50 and ver angle is 54
INFO:__main__:hor gaze angle is 51 and ver angle is 55
INFO:__main__:hor gaze angle is 47 and ver angle is 51
INFO:__main__:hor gaze angle is -13 and ver angle is -15
INFO:__main__:hor gaze angle is -31 and ver angle is -34
INFO:__main__:hor gaze angle is -26 and ver angle is -29
INFO:__main__:hor gaze angle is -14 and ver angle is -16
INFO:__main__:hor gaze angle is -12 and ver angle is -14
INFO:__main__:hor gaze angle is -13 and ver angle is -15
INFO:__main__:hor gaze angle is -14 and ver angle is -16
INFO:__main__:hor gaze angle is -18 and ver angle is -20
INFO:__main__:hor gaze angle is -18 and ver angle is -21
INFO:__main__:hor gaze angle is -14 and ver angle is -16
INFO:__main__:hor gaze angle is -16 and ver angle is -18
INFO:__main__:hor gaze angle is -16 and ver angle is -19
INFO:__main__:hor gaze angle is -15 and ver angle is -17
INFO:__main__:hor gaze angle is -16 and ver angle is -18
INFO:__main__:hor gaze angle is -19 and ver angle is -22
INFO:__main__:hor gaze angle is -19 and ver angle is -21
INFO:__main__:hor gaze angle is -17 and ver angle is -20
INFO:__main__:hor gaze angle is -17 and ver angle is -20
INFO:__main__:hor gaze angle is -17 and ver angle is -19
INFO:__main__:hor gaze angle is -20 and ver angle is -23
INFO:__main__:hor gaze angle is -23 and ver angle is -27
INFO:__main__:hor gaze angle is -9 and ver angle is -10
INFO:__main__:hor gaze angle is -6 and ver angle is -7
INFO:__main__:hor gaze angle is -6 and ver angle is -8
INFO:__main__:hor gaze angle is -6 and ver angle is -8
INFO:__main__:hor gaze angle is 1 and ver angle is 1
INFO:__main__:hor gaze angle is -10 and ver angle is -11
INFO:__main__:hor gaze angle is -14 and ver angle is -16
INFO:__main__:hor gaze angle is -23 and ver angle is -27
INFO:__main__:hor gaze angle is -24 and ver angle is -27
INFO:__main__:hor gaze angle is -26 and ver angle is -29
INFO:__main__:hor gaze angle is -27 and ver angle is -31
INFO:__main__:hor gaze angle is -30 and ver angle is -34
INFO:__main__:hor gaze angle is -29 and ver angle is -32
INFO:__main__:hor gaze angle is -27 and ver angle is -30
INFO:__main__:hor gaze angle is -25 and ver angle is -28
INFO:__main__:hor gaze angle is -26 and ver angle is -29
INFO:__main__:hor gaze angle is -26 and ver angle is -29
INFO:__main__:hor gaze angle is -26 and ver angle is -29
INFO:__main__:hor gaze angle is -27 and ver angle is -30
INFO:__main__:hor gaze angle is -27 and ver angle is -30
INFO:__main__:hor gaze angle is -12 and ver angle is -14
INFO:__main__:hor gaze angle is -8 and ver angle is -10
INFO:__main__:hor gaze angle is 1 and ver angle is 1
INFO:__main__:hor gaze angle is 2 and ver angle is 2
INFO:__main__:hor gaze angle is -1 and ver angle is -1
INFO:__main__:hor gaze angle is -1 and ver angle is -1
INFO:__main__:hor gaze angle is 0 and ver angle is 0
INFO:__main__:hor gaze angle is -3 and ver angle is -3
INFO:__main__:hor gaze angle is -13 and ver angle is -15
INFO:__main__:hor gaze angle is -24 and ver angle is -28
INFO:__main__:hor gaze angle is -37 and ver angle is -41
INFO:__main__:hor gaze angle is -37 and ver angle is -41
INFO:__main__:hor gaze angle is -36 and ver angle is -40
INFO:__main__:hor gaze angle is -12 and ver angle is -14
INFO:__main__:hor gaze angle is -13 and ver angle is -15
INFO:__main__:hor gaze angle is -12 and ver angle is -14
INFO:__main__:hor gaze angle is -13 and ver angle is -14
INFO:__main__:hor gaze angle is -13 and ver angle is -15
INFO:__main__:hor gaze angle is -14 and ver angle is -17
INFO:__main__:hor gaze angle is -16 and ver angle is -18
INFO:__main__:hor gaze angle is -13 and ver angle is -15
INFO:__main__:hor gaze angle is -12 and ver angle is -14
INFO:__main__:hor gaze angle is -14 and ver angle is -16
INFO:__main__:hor gaze angle is -15 and ver angle is -17
INFO:__main__:hor gaze angle is -14 and ver angle is -16
INFO:__main__:hor gaze angle is -11 and ver angle is -12
INFO:__main__:hor gaze angle is 7 and ver angle is 8
INFO:__main__:hor gaze angle is 6 and ver angle is 7
INFO:__main__:hor gaze angle is 5 and ver angle is 6
INFO:__main__:hor gaze angle is 6 and ver angle is 7
INFO:__main__:hor gaze angle is 7 and ver angle is 8
INFO:__main__:hor gaze angle is 2 and ver angle is 2
INFO:__main__:hor gaze angle is -1 and ver angle is -1
INFO:__main__:hor gaze angle is -9 and ver angle is -10
INFO:__main__:hor gaze angle is -8 and ver angle is -10
INFO:__main__:hor gaze angle is -8 and ver angle is -9
INFO:__main__:hor gaze angle is -3 and ver angle is -3
INFO:__main__:hor gaze angle is 1 and ver angle is 2
INFO:__main__:hor gaze angle is 0 and ver angle is 0
INFO:__main__:hor gaze angle is 0 and ver angle is 1
INFO:__main__:hor gaze angle is 4 and ver angle is 4
INFO:__main__:hor gaze angle is 5 and ver angle is 6
INFO:__main__:hor gaze angle is 6 and ver angle is 7
INFO:__main__:hor gaze angle is 6 and ver angle is 8
INFO:__main__:hor gaze angle is -9 and ver angle is -11
INFO:__main__:hor gaze angle is 0 and ver angle is 0
INFO:__main__:hor gaze angle is -3 and ver angle is -4
INFO:__main__:hor gaze angle is -1 and ver angle is -1
INFO:__main__:hor gaze angle is -6 and ver angle is -6
INFO:__main__:hor gaze angle is -35 and ver angle is -39
INFO:__main__:hor gaze angle is -36 and ver angle is -40
INFO:__main__:hor gaze angle is -35 and ver angle is -39
INFO:__main__:hor gaze angle is -32 and ver angle is -36
INFO:__main__:hor gaze angle is -29 and ver angle is -33
INFO:__main__:hor gaze angle is -31 and ver angle is -35
INFO:__main__:hor gaze angle is -35 and ver angle is -39
INFO:__main__:hor gaze angle is -37 and ver angle is -41
INFO:__main__:hor gaze angle is 31 and ver angle is 35
INFO:__main__:hor gaze angle is 29 and ver angle is 33
INFO:__main__:hor gaze angle is 31 and ver angle is 35
INFO:__main__:hor gaze angle is 30 and ver angle is 34
INFO:__main__:hor gaze angle is 28 and ver angle is 32
INFO:__main__:hor gaze angle is -37 and ver angle is -41
INFO:__main__:hor gaze angle is -36 and ver angle is -40
INFO:__main__:hor gaze angle is -36 and ver angle is -40
INFO:__main__:hor gaze angle is -25 and ver angle is -29
INFO:__main__:hor gaze angle is 30 and ver angle is 33
INFO:__main__:hor gaze angle is 37 and ver angle is 41
INFO:__main__:hor gaze angle is 41 and ver angle is 45
INFO:__main__:hor gaze angle is 41 and ver angle is 45
INFO:__main__:hor gaze angle is 45 and ver angle is 49
INFO:__main__:hor gaze angle is 48 and ver angle is 52
INFO:__main__:hor gaze angle is 53 and ver angle is 57
INFO:__main__:hor gaze angle is 58 and ver angle is 61
INFO:__main__:hor gaze angle is 64 and ver angle is 67
INFO:__main__:hor gaze angle is 69 and ver angle is 71
INFO:__main__:hor gaze angle is 71 and ver angle is 74
INFO:__main__:hor gaze angle is -67 and ver angle is -70
INFO:__main__:hor gaze angle is -63 and ver angle is -67
INFO:__main__:hor gaze angle is -49 and ver angle is -53
INFO:__main__:hor gaze angle is 3 and ver angle is 3
INFO:__main__:hor gaze angle is 59 and ver angle is 62
INFO:__main__:hor gaze angle is 70 and ver angle is 72
INFO:__main__:hor gaze angle is 72 and ver angle is 75
INFO:__main__:hor gaze angle is -68 and ver angle is -71
INFO:__main__:hor gaze angle is -68 and ver angle is -71
INFO:__main__:hor gaze angle is -68 and ver angle is -71
INFO:__main__:hor gaze angle is -68 and ver angle is -71
INFO:__main__:hor gaze angle is 6 and ver angle is 7
INFO:__main__:hor gaze angle is 16 and ver angle is 19
